This is pdfTeX, Version 3.14159265-2.6-1.40.20 (TeX Live 2019/Debian) (preloaded format=pdflatex 2020.10.27)  27 OCT 2020 23:24
entering extended mode
 restricted \write18 enabled.
 file:line:error style messages enabled.
 %&-line parsing enabled.
**"/home/taneesh/5thSem/Computer Vision/Assignment-1/Hybrid_images_assignment/2018csb1186_assignment1/bmvc_final.tex"
(/home/taneesh/5thSem/Computer Vision/Assignment-1/Hybrid_images_assignment/2018csb1186_assignment1/bmvc_final.tex
LaTeX2e <2020-02-02> patch level 2
L3 programming layer <2020-02-14>

! LaTeX Error: File `bmvc2k.cls' not found.

Type X to quit or <RETURN> to proceed,
or enter new name. (Default extension: cls)

Enter file name: 
/home/taneesh/5thSem/Computer Vision/Assignment-1/Hybrid_images_assignment/2018csb1186_assignment1/bmvc_final.tex:2: Emergency stop.
<read *> 
         
l.2 ^^M
       
*** (cannot \read from terminal in nonstop modes)

 
Here is how much of TeX's memory you used:
 23 strings out of 481239
 860 string characters out of 5920376
 236564 words of memory out of 5000000
 15388 multiletter control sequences out of 15000+600000
 532338 words of font info for 24 fonts, out of 8000000 for 9000
 1141 hyphenation exceptions out of 8191
 14i,0n,17p,169b,10s stack positions out of 5000i,500n,10000p,200000b,80000s
/home/taneesh/5thSem/Computer Vision/Assignment-1/Hybrid_images_assignment/2018csb1186_assignment1/bmvc_final.tex:2:  ==> Fatal error occurred, no output PDF file produced!
